<?xml version="1.0" encoding="UTF-8"?>
<!-- Generated by org.testng.reporters.JUnitXMLReporter -->
<testsuite ignored="6" hostname="LAPTOP-H7QU7V1R" failures="0" tests="11" name="BankingDomain" time="207.04" errors="0" timestamp="2023-04-06T09:30:56 IST">
  <testcase classname="testcases.LoginTest" name="verifyInvalidUser" time="17.855"/>
  <testcase classname="testcases.LoginTest" name="verifyInvalidUser" time="7.116"/>
  <testcase classname="testcases.LoginTest" name="verifyInvalidUser" time="7.288"/>
  <testcase classname="testcases.LoginTest" name="verifyInvalidUser" time="6.924"/>
  <testcase classname="testcases.LoginTest" name="verifyvalidUser" time="8.567"/>
  <testcase classname="testcases.AddCustomerPageTest" name="addNewCustomer" time="26.352"/>
  <testcase classname="testcases.VerifyHomeButtonTest" name="test1" time="34.736"/>
  <testcase classname="testcases.VerifyHomeButtonTest" name="test2" time="33.229"/>
  <testcase classname="testcases.VerifyHomeButtonTest" name="test3" time="33.701"/>
  <testcase classname="testcases.VerifyPageTittleTest" name="verifyanothervalidUser" time="11.859"/>
  <testcase classname="testcases.VerifyPageTittleTest" name="verifyvalidUser" time="11.085"/>
  <testcase classname="utility.BaseClass" name="@BeforeTest setup" time="0.0">
    <ignored/>
  </testcase> <!-- @BeforeTest setup -->
  <testcase classname="utility.BaseClass" name="@BeforeTest setup" time="0.0">
    <ignored/>
  </testcase> <!-- @BeforeTest setup -->
  <testcase classname="utility.BaseClass" name="@BeforeTest setup" time="0.0">
    <ignored/>
  </testcase> <!-- @BeforeTest setup -->
  <testcase classname="utility.BaseClass" name="@AfterTest tearDown" time="0.0">
    <ignored/>
  </testcase> <!-- @AfterTest tearDown -->
  <testcase classname="utility.BaseClass" name="@AfterTest tearDown" time="0.0">
    <ignored/>
  </testcase> <!-- @AfterTest tearDown -->
  <testcase classname="utility.BaseClass" name="@AfterTest tearDown" time="0.0">
    <ignored/>
  </testcase> <!-- @AfterTest tearDown -->
</testsuite> <!-- BankingDomain -->
